<?xml version="1.0" encoding="UTF-8"?>
<!-- Generated by org.testng.reporters.JUnitXMLReporter -->
<testsuite hostname="YMORE2L3" ignored="0" name="brands" tests="11" failures="0" timestamp="2020-06-12T23:25:46 IST" time="0.025" errors="0">
  <testcase name="MobileSamsung" time="0.001" classname="test.Samsung"/>
  <testcase name="MobileSamsungone" time="0.002" classname="test.Samsung"/>
  <testcase name="MobileSamsungtwo" time="0.001" classname="test.Samsung"/>
  <testcase name="TVSamsung" time="0.001" classname="test.Samsung"/>
  <testcase name="WashingMachineSamsung" time="0.001" classname="test.Samsung"/>
  <testcase name="MobileApple" time="0.001" classname="test.Apple"/>
  <testcase name="TVApple" time="0.001" classname="test.Apple"/>
  <testcase name="WashingMachineApple" time="0.0" classname="test.Apple"/>
  <testcase name="MobileLG" time="0.0" classname="test.LG"/>
  <testcase name="TVLG" time="0.001" classname="test.LG"/>
  <testcase name="WashingMachineLG" time="0.001" classname="test.LG"/>
</testsuite> <!-- brands -->
