<?xml version="1.0" encoding="UTF-8"?>
<!-- Generated by org.testng.reporters.JUnitXMLReporter -->
<testsuite hostname="YMORE2L3" ignored="3" name="brands" tests="5" failures="0" timestamp="2020-06-12T00:37:46 IST" time="0.009" errors="0">
  <testcase name="TVSamsung" time="0.0" classname="test.Samsung"/>
  <testcase name="WashingMachineSamsung" time="0.001" classname="test.Samsung"/>
  <testcase name="MobileApple" time="0.001" classname="test.Apple"/>
  <testcase name="TVApple" time="0.0" classname="test.Apple"/>
  <testcase name="WashingMachineApple" time="0.001" classname="test.Apple"/>
  <testcase name="MobileSamsung" time="0.0" classname="test.Samsung">
    <ignored/>
  </testcase> <!-- MobileSamsung -->
  <testcase name="MobileSamsungone" time="0.0" classname="test.Samsung">
    <ignored/>
  </testcase> <!-- MobileSamsungone -->
  <testcase name="MobileSamsungtwo" time="0.0" classname="test.Samsung">
    <ignored/>
  </testcase> <!-- MobileSamsungtwo -->
</testsuite> <!-- brands -->
