<?xml version="1.0" encoding="UTF-8"?>
<!-- Generated by org.testng.reporters.JUnitXMLReporter -->
<testsuite hostname="YMORE2L3" ignored="0" name="dumy" tests="13" failures="0" timestamp="2020-06-12T00:48:21 IST" time="0.056" errors="0">
  <testcase name="MobileApple" time="0.006" classname="test.Apple"/>
  <testcase name="TVApple" time="0.001" classname="test.Apple"/>
  <testcase name="WashingMachineApple" time="0.0" classname="test.Apple"/>
  <testcase name="MobileLG" time="0.001" classname="test.LG"/>
  <testcase name="TVLG" time="0.001" classname="test.LG"/>
  <testcase name="WashingMachineLG" time="0.0" classname="test.LG"/>
  <testcase name="FirstTest" time="0.001" classname="test.one"/>
  <testcase name="SecondTest" time="0.0" classname="test.one"/>
  <testcase name="MobileSamsung" time="0.001" classname="test.Samsung"/>
  <testcase name="MobileSamsungone" time="0.001" classname="test.Samsung"/>
  <testcase name="MobileSamsungtwo" time="0.001" classname="test.Samsung"/>
  <testcase name="TVSamsung" time="0.001" classname="test.Samsung"/>
  <testcase name="WashingMachineSamsung" time="0.001" classname="test.Samsung"/>
</testsuite> <!-- dumy -->
