<?xml version="1.0" encoding="UTF-8"?>
<!-- Generated by org.testng.reporters.JUnitXMLReporter -->
<testsuite hostname="YMORE2L3" ignored="3" name="Samsung" tests="3" failures="0" timestamp="2020-06-12T00:19:01 IST" time="0.008" errors="0">
  <testcase name="SamsungTV" time="0.0" classname="test.Samsung"/>
  <testcase name="SamsungWashingMachine" time="0.001" classname="test.Samsung"/>
  <testcase name="AppleMobile" time="0.001" classname="test.Apple"/>
  <testcase name="SamsungMobile" time="0.0" classname="test.Samsung">
    <ignored/>
  </testcase> <!-- SamsungMobile -->
  <testcase name="AppleTV" time="0.0" classname="test.Apple">
    <ignored/>
  </testcase> <!-- AppleTV -->
  <testcase name="AppleWashingMachine" time="0.0" classname="test.Apple">
    <ignored/>
  </testcase> <!-- AppleWashingMachine -->
</testsuite> <!-- Samsung -->
