<?xml version="1.0" encoding="UTF-8"?>
<!-- Generated by org.testng.reporters.JUnitXMLReporter -->
<testsuite hostname="YMORE2L3" ignored="9" name="Smoke test" tests="4" failures="0" timestamp="2020-06-13T00:28:02 IST" time="0.042" errors="0">
  <testcase name="ElectricCooker" time="0.005" classname="test.one"/>
  <testcase name="MobileSamsung" time="0.001" classname="test.Samsung"/>
  <testcase name="WashingMachineApple" time="0.001" classname="test.Apple"/>
  <testcase name="TVLG" time="0.001" classname="test.LG"/>
  <testcase name="ElectricHeater" time="0.0" classname="test.one">
    <ignored/>
  </testcase> <!-- ElectricHeater -->
  <testcase name="MobileSamsungone" time="0.0" classname="test.Samsung">
    <ignored/>
  </testcase> <!-- MobileSamsungone -->
  <testcase name="WashingMachineSamsung" time="0.0" classname="test.Samsung">
    <ignored/>
  </testcase> <!-- WashingMachineSamsung -->
  <testcase name="TVApple" time="0.0" classname="test.Apple">
    <ignored/>
  </testcase> <!-- TVApple -->
  <testcase name="WashingMachineLG" time="0.0" classname="test.LG">
    <ignored/>
  </testcase> <!-- WashingMachineLG -->
  <testcase name="TVSamsung" time="0.0" classname="test.Samsung">
    <ignored/>
  </testcase> <!-- TVSamsung -->
  <testcase name="MobileApple" time="0.0" classname="test.Apple">
    <ignored/>
  </testcase> <!-- MobileApple -->
  <testcase name="MobileLG" time="0.0" classname="test.LG">
    <ignored/>
  </testcase> <!-- MobileLG -->
  <testcase name="MobileSamsungtwo" time="0.0" classname="test.Samsung">
    <ignored/>
  </testcase> <!-- MobileSamsungtwo -->
</testsuite> <!-- Smoke test -->
