<?xml version="1.0" encoding="UTF-8"?>
<testng-results skipped="0" failed="0" ignored="9" total="13" passed="4">
  <reporter-output>
  </reporter-output>
  <suite name="Electronics Store" duration-ms="40" started-at="2020-06-13T00:03:29 IST" finished-at="2020-06-13T00:03:29 IST">
    <groups>
      <group name="smoke">
        <method signature="Apple.WashingMachineApple()[pri:0, instance:test.Apple@3a5ed7a6]" name="WashingMachineApple" class="test.Apple"/>
        <method signature="LG.TVLG()[pri:0, instance:test.LG@6325a3ee]" name="TVLG" class="test.LG"/>
        <method signature="Samsung.MobileSamsung()[pri:0, instance:test.Samsung@7791a895]" name="MobileSamsung" class="test.Samsung"/>
        <method signature="one.ElectricCooker()[pri:0, instance:test.one@7d907bac]" name="ElectricCooker" class="test.one"/>
      </group> <!-- smoke -->
    </groups>
    <test name="Smoke test" duration-ms="40" started-at="2020-06-13T00:03:29 IST" finished-at="2020-06-13T00:03:29 IST">
      <class name="test.LG">
        <test-method status="PASS" signature="TVLG()[pri:0, instance:test.LG@6325a3ee]" name="TVLG" duration-ms="1" started-at="2020-06-13T00:03:29 IST" finished-at="2020-06-13T00:03:29 IST">
          <reporter-output>
          </reporter-output>
        </test-method> <!-- TVLG -->
      </class> <!-- test.LG -->
      <class name="test.Apple">
        <test-method status="PASS" signature="WashingMachineApple()[pri:0, instance:test.Apple@3a5ed7a6]" name="WashingMachineApple" duration-ms="1" started-at="2020-06-13T00:03:29 IST" finished-at="2020-06-13T00:03:29 IST">
          <reporter-output>
          </reporter-output>
        </test-method> <!-- WashingMachineApple -->
      </class> <!-- test.Apple -->
      <class name="test.one">
        <test-method status="PASS" signature="ElectricCooker()[pri:0, instance:test.one@7d907bac]" name="ElectricCooker" duration-ms="6" started-at="2020-06-13T00:03:29 IST" finished-at="2020-06-13T00:03:29 IST">
          <reporter-output>
          </reporter-output>
        </test-method> <!-- ElectricCooker -->
      </class> <!-- test.one -->
      <class name="test.Samsung">
        <test-method status="PASS" signature="MobileSamsung()[pri:0, instance:test.Samsung@7791a895]" name="MobileSamsung" duration-ms="1" started-at="2020-06-13T00:03:29 IST" finished-at="2020-06-13T00:03:29 IST">
          <reporter-output>
          </reporter-output>
        </test-method> <!-- MobileSamsung -->
      </class> <!-- test.Samsung -->
    </test> <!-- Smoke test -->
  </suite> <!-- Electronics Store -->
</testng-results>
