<?xml version="1.0" encoding="UTF-8"?>
<testng-results ignored="0" total="1" passed="1" failed="0" skipped="0">
  <reporter-output>
  </reporter-output>
  <suite started-at="2020-06-16T21:28:05 IST" name="Suite" finished-at="2020-06-16T21:28:05 IST" duration-ms="27">
    <groups>
    </groups>
    <test started-at="2020-06-16T21:28:05 IST" name="Test" finished-at="2020-06-16T21:28:05 IST" duration-ms="27">
      <class name="org.yogesh.maven_learning.seleTest">
        <test-method signature="BrowserAutomation()[pri:0, instance:org.yogesh.maven_learning.seleTest@64d2d351]" started-at="2020-06-16T21:28:05 IST" name="BrowserAutomation" finished-at="2020-06-16T21:28:05 IST" duration-ms="3" status="PASS">
          <reporter-output>
          </reporter-output>
        </test-method> <!-- BrowserAutomation -->
      </class> <!-- org.yogesh.maven_learning.seleTest -->
    </test> <!-- Test -->
  </suite> <!-- Suite -->
</testng-results>
